nohup: ignoring input

  .   ____          _            __ _ _
 /\\ / ___'_ __ _ _(_)_ __  __ _ \ \ \ \
( ( )\___ | '_ | '_| | '_ \/ _` | \ \ \ \
 \\/  ___)| |_)| | | | | || (_| |  ) ) ) )
  '  |____| .__|_| |_|_| |_\__, | / / / /
 =========|_|==============|___/=/_/_/_/
 :: Spring Boot ::                (v3.2.5)

2026-05-08T10:05:35.846Z  INFO 2201 --- [           main] c.t.employee.EmployeeApplication         : Starting EmployeeApplication v1.0.0 using Java 17.0.19 with PID 2201 (/home/ec2-user/employee-api/target/employee-api-1.0.0.jar started by root in /home/ec2-user/employee-api)
2026-05-08T10:05:35.857Z  INFO 2201 --- [           main] c.t.employee.EmployeeApplication         : No active profile set, falling back to 1 default profile: "default"
2026-05-08T10:05:37.498Z  INFO 2201 --- [           main] .s.d.r.c.RepositoryConfigurationDelegate : Bootstrapping Spring Data JPA repositories in DEFAULT mode.
2026-05-08T10:05:37.597Z  INFO 2201 --- [           main] .s.d.r.c.RepositoryConfigurationDelegate : Finished Spring Data repository scanning in 85 ms. Found 1 JPA repository interface.
2026-05-08T10:05:38.563Z  INFO 2201 --- [           main] o.s.b.w.embedded.tomcat.TomcatWebServer  : Tomcat initialized with port 8080 (http)
2026-05-08T10:05:38.601Z  INFO 2201 --- [           main] o.apache.catalina.core.StandardService   : Starting service [Tomcat]
2026-05-08T10:05:38.602Z  INFO 2201 --- [           main] o.apache.catalina.core.StandardEngine    : Starting Servlet engine: [Apache Tomcat/10.1.20]
2026-05-08T10:05:38.670Z  INFO 2201 --- [           main] o.a.c.c.C.[Tomcat].[localhost].[/]       : Initializing Spring embedded WebApplicationContext
2026-05-08T10:05:38.672Z  INFO 2201 --- [           main] w.s.c.ServletWebServerApplicationContext : Root WebApplicationContext: initialization completed in 2658 ms
2026-05-08T10:05:39.001Z  INFO 2201 --- [           main] o.hibernate.jpa.internal.util.LogHelper  : HHH000204: Processing PersistenceUnitInfo [name: default]
2026-05-08T10:05:39.139Z  INFO 2201 --- [           main] org.hibernate.Version                    : HHH000412: Hibernate ORM core version 6.4.4.Final
2026-05-08T10:05:39.207Z  INFO 2201 --- [           main] o.h.c.internal.RegionFactoryInitiator    : HHH000026: Second-level cache disabled
2026-05-08T10:05:39.683Z  INFO 2201 --- [           main] o.s.o.j.p.SpringPersistenceUnitInfo      : No LoadTimeWeaver setup: ignoring JPA class transformer
2026-05-08T10:05:39.727Z  INFO 2201 --- [           main] com.zaxxer.hikari.HikariDataSource       : HikariPool-1 - Starting...
2026-05-08T10:05:40.107Z  INFO 2201 --- [           main] com.zaxxer.hikari.pool.HikariPool        : HikariPool-1 - Added connection com.mysql.cj.jdbc.ConnectionImpl@4bcdd11
2026-05-08T10:05:40.109Z  INFO 2201 --- [           main] com.zaxxer.hikari.HikariDataSource       : HikariPool-1 - Start completed.
2026-05-08T10:05:40.146Z  WARN 2201 --- [           main] org.hibernate.orm.deprecation            : HHH90000025: MySQL8Dialect does not need to be specified explicitly using 'hibernate.dialect' (remove the property setting and it will be selected by default)
2026-05-08T10:05:40.147Z  WARN 2201 --- [           main] org.hibernate.orm.deprecation            : HHH90000026: MySQL8Dialect has been deprecated; use org.hibernate.dialect.MySQLDialect instead
2026-05-08T10:05:41.459Z  INFO 2201 --- [           main] o.h.e.t.j.p.i.JtaPlatformInitiator       : HHH000489: No JTA platform available (set 'hibernate.transaction.jta.platform' to enable JTA platform integration)
2026-05-08T10:05:41.527Z  INFO 2201 --- [           main] j.LocalContainerEntityManagerFactoryBean : Initialized JPA EntityManagerFactory for persistence unit 'default'
2026-05-08T10:05:41.993Z  WARN 2201 --- [           main] JpaBaseConfiguration$JpaWebConfiguration : spring.jpa.open-in-view is enabled by default. Therefore, database queries may be performed during view rendering. Explicitly configure spring.jpa.open-in-view to disable this warning
2026-05-08T10:05:42.563Z  INFO 2201 --- [           main] o.s.b.w.embedded.tomcat.TomcatWebServer  : Tomcat started on port 8080 (http) with context path ''
2026-05-08T10:05:42.604Z  INFO 2201 --- [           main] c.t.employee.EmployeeApplication         : Started EmployeeApplication in 7.678 seconds (process running for 8.904)
2026-05-08T10:14:02.785Z  INFO 2201 --- [nio-8080-exec-1] o.a.c.c.C.[Tomcat].[localhost].[/]       : Initializing Spring DispatcherServlet 'dispatcherServlet'
2026-05-08T10:14:02.786Z  INFO 2201 --- [nio-8080-exec-1] o.s.web.servlet.DispatcherServlet        : Initializing Servlet 'dispatcherServlet'
2026-05-08T10:14:02.789Z  INFO 2201 --- [nio-8080-exec-1] o.s.web.servlet.DispatcherServlet        : Completed initialization in 3 ms
Hibernate: select e1_0.id,e1_0.name,e1_0.status from employees e1_0
Hibernate: select e1_0.id,e1_0.name,e1_0.status from employees e1_0
Hibernate: insert into employees (name,status) values (?,?)
Hibernate: select e1_0.id,e1_0.name,e1_0.status from employees e1_0
Hibernate: insert into employees (name,status) values (?,?)
Hibernate: select e1_0.id,e1_0.name,e1_0.status from employees e1_0
Hibernate: insert into employees (name,status) values (?,?)
Hibernate: select e1_0.id,e1_0.name,e1_0.status from employees e1_0
